{"C:\\Users\\Arjun\\OneDrive\\Desktop\\React Practice\\src\\components\\Contact.js": {"path":"C:\\Users\\Arjun\\OneDrive\\Desktop\\React Practice\\src\\components\\Contact.js","statementMap":{"0":{"start":{"line":3,"column":16},"end":{"line":22,"column":1}},"1":{"start":{"line":4,"column":2},"end":{"line":21,"column":4}}},"fnMap":{"0":{"name":"(anonymous_0)","decl":{"start":{"line":3,"column":16},"end":{"line":3,"column":17}},"loc":{"start":{"line":3,"column":22},"end":{"line":22,"column":1}},"line":3}},"branchMap":{},"s":{"0":1,"1":3},"f":{"0":3},"b":{},"_coverageSchema":"1a1c01bbd47fc00a2c39e90264f33305004495a9","hash":"0b08f0f30766e4e164b6320359e45444cd04e5d5"}
}
