{"C:\\Users\\Arjun\\OneDrive\\Desktop\\React Practice\\src\\components\\Body.js": {"path":"C:\\Users\\Arjun\\OneDrive\\Desktop\\React Practice\\src\\components\\Body.js","statementMap":{"0":{"start":{"line":9,"column":13},"end":{"line":102,"column":1}},"1":{"start":{"line":10,"column":36},"end":{"line":10,"column":48}},"2":{"start":{"line":11,"column":30},"end":{"line":11,"column":42}},"3":{"start":{"line":12,"column":36},"end":{"line":12,"column":48}},"4":{"start":{"line":16,"column":2},"end":{"line":18,"column":9}},"5":{"start":{"line":17,"column":4},"end":{"line":17,"column":16}},"6":{"start":{"line":20,"column":20},"end":{"line":32,"column":3}},"7":{"start":{"line":21,"column":17},"end":{"line":23,"column":5}},"8":{"start":{"line":24,"column":17},"end":{"line":24,"column":34}},"9":{"start":{"line":26,"column":4},"end":{"line":28,"column":6}},"10":{"start":{"line":29,"column":4},"end":{"line":31,"column":6}},"11":{"start":{"line":34,"column":23},"end":{"line":34,"column":40}},"12":{"start":{"line":35,"column":2},"end":{"line":37,"column":3}},"13":{"start":{"line":36,"column":4},"end":{"line":36,"column":70}},"14":{"start":{"line":39,"column":31},"end":{"line":39,"column":54}},"15":{"start":{"line":41,"column":2},"end":{"line":41,"column":49}},"16":{"start":{"line":41,"column":30},"end":{"line":41,"column":49}},"17":{"start":{"line":42,"column":2},"end":{"line":101,"column":4}},"18":{"start":{"line":51,"column":12},"end":{"line":51,"column":38}},"19":{"start":{"line":57,"column":31},"end":{"line":59,"column":13}},"20":{"start":{"line":58,"column":14},"end":{"line":58,"column":72}},"21":{"start":{"line":60,"column":12},"end":{"line":60,"column":37}},"22":{"start":{"line":72,"column":33},"end":{"line":74,"column":15}},"23":{"start":{"line":73,"column":25},"end":{"line":73,"column":47}},"24":{"start":{"line":75,"column":14},"end":{"line":75,"column":39}},"25":{"start":{"line":86,"column":27},"end":{"line":86,"column":50}},"26":{"start":{"line":92,"column":10},"end":{"line":97,"column":17}}},"fnMap":{"0":{"name":"(anonymous_0)","decl":{"start":{"line":9,"column":13},"end":{"line":9,"column":14}},"loc":{"start":{"line":9,"column":19},"end":{"line":102,"column":1}},"line":9},"1":{"name":"(anonymous_1)","decl":{"start":{"line":16,"column":12},"end":{"line":16,"column":13}},"loc":{"start":{"line":16,"column":18},"end":{"line":18,"column":3}},"line":16},"2":{"name":"(anonymous_2)","decl":{"start":{"line":20,"column":20},"end":{"line":20,"column":21}},"loc":{"start":{"line":20,"column":32},"end":{"line":32,"column":3}},"line":20},"3":{"name":"(anonymous_3)","decl":{"start":{"line":50,"column":20},"end":{"line":50,"column":21}},"loc":{"start":{"line":50,"column":27},"end":{"line":52,"column":11}},"line":50},"4":{"name":"(anonymous_4)","decl":{"start":{"line":56,"column":19},"end":{"line":56,"column":20}},"loc":{"start":{"line":56,"column":25},"end":{"line":61,"column":11}},"line":56},"5":{"name":"(anonymous_5)","decl":{"start":{"line":57,"column":48},"end":{"line":57,"column":49}},"loc":{"start":{"line":58,"column":14},"end":{"line":58,"column":72}},"line":58},"6":{"name":"(anonymous_6)","decl":{"start":{"line":71,"column":21},"end":{"line":71,"column":22}},"loc":{"start":{"line":71,"column":27},"end":{"line":76,"column":13}},"line":71},"7":{"name":"(anonymous_7)","decl":{"start":{"line":73,"column":16},"end":{"line":73,"column":17}},"loc":{"start":{"line":73,"column":25},"end":{"line":73,"column":47}},"line":73},"8":{"name":"(anonymous_8)","decl":{"start":{"line":86,"column":22},"end":{"line":86,"column":23}},"loc":{"start":{"line":86,"column":27},"end":{"line":86,"column":50}},"line":86},"9":{"name":"(anonymous_9)","decl":{"start":{"line":91,"column":23},"end":{"line":91,"column":24}},"loc":{"start":{"line":92,"column":10},"end":{"line":97,"column":17}},"line":92}},"branchMap":{"0":{"loc":{"start":{"line":35,"column":2},"end":{"line":37,"column":3}},"type":"if","locations":[{"start":{"line":35,"column":2},"end":{"line":37,"column":3}},{"start":{},"end":{}}],"line":35},"1":{"loc":{"start":{"line":41,"column":2},"end":{"line":41,"column":49}},"type":"if","locations":[{"start":{"line":41,"column":2},"end":{"line":41,"column":49}},{"start":{},"end":{}}],"line":41}},"s":{"0":1,"1":7,"2":7,"3":7,"4":7,"5":2,"6":7,"7":2,"8":2,"9":2,"10":2,"11":7,"12":7,"13":0,"14":7,"15":7,"16":2,"17":5,"18":1,"19":1,"20":20,"21":1,"22":1,"23":20,"24":1,"25":0,"26":79},"f":{"0":7,"1":2,"2":2,"3":1,"4":1,"5":20,"6":1,"7":20,"8":0,"9":79},"b":{"0":[0,7],"1":[2,5]},"_coverageSchema":"1a1c01bbd47fc00a2c39e90264f33305004495a9","hash":"1031249713804f8ebbdab84641c242f12d1af922"}
,"C:\\Users\\Arjun\\OneDrive\\Desktop\\React Practice\\src\\components\\Contact.js": {"path":"C:\\Users\\Arjun\\OneDrive\\Desktop\\React Practice\\src\\components\\Contact.js","statementMap":{"0":{"start":{"line":3,"column":16},"end":{"line":22,"column":1}},"1":{"start":{"line":4,"column":2},"end":{"line":21,"column":4}}},"fnMap":{"0":{"name":"(anonymous_0)","decl":{"start":{"line":3,"column":16},"end":{"line":3,"column":17}},"loc":{"start":{"line":3,"column":22},"end":{"line":22,"column":1}},"line":3}},"branchMap":{},"s":{"0":1,"1":4},"f":{"0":4},"b":{},"_coverageSchema":"1a1c01bbd47fc00a2c39e90264f33305004495a9","hash":"0b08f0f30766e4e164b6320359e45444cd04e5d5"}
,"C:\\Users\\Arjun\\OneDrive\\Desktop\\React Practice\\src\\components\\Header.js": {"path":"C:\\Users\\Arjun\\OneDrive\\Desktop\\React Practice\\src\\components\\Header.js","statementMap":{"0":{"start":{"line":8,"column":15},"end":{"line":55,"column":1}},"1":{"start":{"line":9,"column":32},"end":{"line":9,"column":49}},"2":{"start":{"line":10,"column":23},"end":{"line":10,"column":40}},"3":{"start":{"line":12,"column":22},"end":{"line":12,"column":45}},"4":{"start":{"line":14,"column":20},"end":{"line":14,"column":60}},"5":{"start":{"line":14,"column":43},"end":{"line":14,"column":59}},"6":{"start":{"line":17,"column":2},"end":{"line":54,"column":4}},"7":{"start":{"line":45,"column":14},"end":{"line":45,"column":79}}},"fnMap":{"0":{"name":"(anonymous_0)","decl":{"start":{"line":8,"column":15},"end":{"line":8,"column":16}},"loc":{"start":{"line":8,"column":21},"end":{"line":55,"column":1}},"line":8},"1":{"name":"(anonymous_1)","decl":{"start":{"line":14,"column":32},"end":{"line":14,"column":33}},"loc":{"start":{"line":14,"column":43},"end":{"line":14,"column":59}},"line":14},"2":{"name":"(anonymous_2)","decl":{"start":{"line":44,"column":21},"end":{"line":44,"column":22}},"loc":{"start":{"line":44,"column":27},"end":{"line":46,"column":13}},"line":44}},"branchMap":{"0":{"loc":{"start":{"line":25,"column":22},"end":{"line":25,"column":47}},"type":"cond-expr","locations":[{"start":{"line":25,"column":37},"end":{"line":25,"column":40}},{"start":{"line":25,"column":43},"end":{"line":25,"column":47}}],"line":25},"1":{"loc":{"start":{"line":45,"column":14},"end":{"line":45,"column":78}},"type":"cond-expr","locations":[{"start":{"line":45,"column":36},"end":{"line":45,"column":56}},{"start":{"line":45,"column":59},"end":{"line":45,"column":78}}],"line":45}},"s":{"0":1,"1":5,"2":5,"3":5,"4":5,"5":9,"6":5,"7":1},"f":{"0":5,"1":9,"2":1},"b":{"0":[5,0],"1":[1,0]},"_coverageSchema":"1a1c01bbd47fc00a2c39e90264f33305004495a9","hash":"33736718008a5d2218b26439182ece8f8ffd28c4"}
,"C:\\Users\\Arjun\\OneDrive\\Desktop\\React Practice\\src\\components\\RestaurantCard.js": {"path":"C:\\Users\\Arjun\\OneDrive\\Desktop\\React Practice\\src\\components\\RestaurantCard.js","statementMap":{"0":{"start":{"line":3,"column":23},"end":{"line":18,"column":1}},"1":{"start":{"line":4,"column":65},"end":{"line":4,"column":77}},"2":{"start":{"line":5,"column":27},"end":{"line":5,"column":43}},"3":{"start":{"line":6,"column":4},"end":{"line":17,"column":5}}},"fnMap":{"0":{"name":"(anonymous_0)","decl":{"start":{"line":3,"column":23},"end":{"line":3,"column":24}},"loc":{"start":{"line":3,"column":36},"end":{"line":18,"column":1}},"line":3}},"branchMap":{},"s":{"0":2,"1":80,"2":80,"3":80},"f":{"0":80},"b":{},"_coverageSchema":"1a1c01bbd47fc00a2c39e90264f33305004495a9","hash":"602d1e7fb87fc3caab6d96bde2cbfed54d84c11e"}
,"C:\\Users\\Arjun\\OneDrive\\Desktop\\React Practice\\src\\components\\Shimmer.js": {"path":"C:\\Users\\Arjun\\OneDrive\\Desktop\\React Practice\\src\\components\\Shimmer.js","statementMap":{"0":{"start":{"line":1,"column":16},"end":{"line":14,"column":1}},"1":{"start":{"line":2,"column":4},"end":{"line":13,"column":10}}},"fnMap":{"0":{"name":"(anonymous_0)","decl":{"start":{"line":1,"column":16},"end":{"line":1,"column":17}},"loc":{"start":{"line":1,"column":20},"end":{"line":14,"column":1}},"line":1}},"branchMap":{},"s":{"0":1,"1":2},"f":{"0":2},"b":{},"_coverageSchema":"1a1c01bbd47fc00a2c39e90264f33305004495a9","hash":"d86243a371a641030b8fe69108ee683e42213bca"}
,"C:\\Users\\Arjun\\OneDrive\\Desktop\\React Practice\\src\\utils\\UserContext.js": {"path":"C:\\Users\\Arjun\\OneDrive\\Desktop\\React Practice\\src\\utils\\UserContext.js","statementMap":{"0":{"start":{"line":3,"column":20},"end":{"line":5,"column":2}}},"fnMap":{},"branchMap":{},"s":{"0":2},"f":{},"b":{},"_coverageSchema":"1a1c01bbd47fc00a2c39e90264f33305004495a9","hash":"996bdb25d790fdf52d3ad43b32ac899b13007829"}
,"C:\\Users\\Arjun\\OneDrive\\Desktop\\React Practice\\src\\utils\\appStore.js": {"path":"C:\\Users\\Arjun\\OneDrive\\Desktop\\React Practice\\src\\utils\\appStore.js","statementMap":{"0":{"start":{"line":4,"column":17},"end":{"line":8,"column":2}}},"fnMap":{},"branchMap":{},"s":{"0":1},"f":{},"b":{},"_coverageSchema":"1a1c01bbd47fc00a2c39e90264f33305004495a9","hash":"2dbadf25220ebee4f27ebdc3d6bf2965654fdd6a"}
,"C:\\Users\\Arjun\\OneDrive\\Desktop\\React Practice\\src\\utils\\cartSlice.js": {"path":"C:\\Users\\Arjun\\OneDrive\\Desktop\\React Practice\\src\\utils\\cartSlice.js","statementMap":{"0":{"start":{"line":3,"column":18},"end":{"line":19,"column":2}},"1":{"start":{"line":10,"column":12},"end":{"line":10,"column":45}},"2":{"start":{"line":13,"column":12},"end":{"line":13,"column":30}},"3":{"start":{"line":16,"column":12},"end":{"line":16,"column":35}},"4":{"start":{"line":21,"column":46},"end":{"line":21,"column":63}}},"fnMap":{"0":{"name":"(anonymous_0)","decl":{"start":{"line":9,"column":18},"end":{"line":9,"column":19}},"loc":{"start":{"line":9,"column":36},"end":{"line":11,"column":9}},"line":9},"1":{"name":"(anonymous_1)","decl":{"start":{"line":12,"column":21},"end":{"line":12,"column":22}},"loc":{"start":{"line":12,"column":30},"end":{"line":14,"column":9}},"line":12},"2":{"name":"(anonymous_2)","decl":{"start":{"line":15,"column":20},"end":{"line":15,"column":21}},"loc":{"start":{"line":15,"column":29},"end":{"line":17,"column":9}},"line":15}},"branchMap":{},"s":{"0":1,"1":0,"2":0,"3":0,"4":1},"f":{"0":0,"1":0,"2":0},"b":{},"_coverageSchema":"1a1c01bbd47fc00a2c39e90264f33305004495a9","hash":"5877af9f7e4f95601f5ddb4ea0c9cb1bc3271a0c"}
,"C:\\Users\\Arjun\\OneDrive\\Desktop\\React Practice\\src\\utils\\constant.js": {"path":"C:\\Users\\Arjun\\OneDrive\\Desktop\\React Practice\\src\\utils\\constant.js","statementMap":{"0":{"start":{"line":1,"column":17},"end":{"line":1,"column":97}},"1":{"start":{"line":3,"column":16},"end":{"line":3,"column":99}},"2":{"start":{"line":5,"column":17},"end":{"line":5,"column":155}}},"fnMap":{},"branchMap":{},"s":{"0":3,"1":3,"2":3},"f":{},"b":{},"_coverageSchema":"1a1c01bbd47fc00a2c39e90264f33305004495a9","hash":"2b20c5efe15668b08516c99347eab36adfa370fc"}
,"C:\\Users\\Arjun\\OneDrive\\Desktop\\React Practice\\src\\utils\\useOnlineStatus.js": {"path":"C:\\Users\\Arjun\\OneDrive\\Desktop\\React Practice\\src\\utils\\useOnlineStatus.js","statementMap":{"0":{"start":{"line":3,"column":24},"end":{"line":16,"column":1}},"1":{"start":{"line":4,"column":43},"end":{"line":4,"column":57}},"2":{"start":{"line":6,"column":4},"end":{"line":14,"column":10}},"3":{"start":{"line":7,"column":8},"end":{"line":9,"column":11}},"4":{"start":{"line":8,"column":12},"end":{"line":8,"column":35}},"5":{"start":{"line":11,"column":8},"end":{"line":13,"column":11}},"6":{"start":{"line":12,"column":12},"end":{"line":12,"column":34}},"7":{"start":{"line":15,"column":4},"end":{"line":15,"column":24}}},"fnMap":{"0":{"name":"(anonymous_0)","decl":{"start":{"line":3,"column":24},"end":{"line":3,"column":25}},"loc":{"start":{"line":3,"column":28},"end":{"line":16,"column":1}},"line":3},"1":{"name":"(anonymous_1)","decl":{"start":{"line":6,"column":14},"end":{"line":6,"column":15}},"loc":{"start":{"line":6,"column":18},"end":{"line":14,"column":5}},"line":6},"2":{"name":"(anonymous_2)","decl":{"start":{"line":7,"column":42},"end":{"line":7,"column":43}},"loc":{"start":{"line":7,"column":46},"end":{"line":9,"column":9}},"line":7},"3":{"name":"(anonymous_3)","decl":{"start":{"line":11,"column":41},"end":{"line":11,"column":42}},"loc":{"start":{"line":11,"column":45},"end":{"line":13,"column":9}},"line":11}},"branchMap":{},"s":{"0":2,"1":12,"2":12,"3":6,"4":0,"5":6,"6":0,"7":12},"f":{"0":12,"1":6,"2":0,"3":0},"b":{},"_coverageSchema":"1a1c01bbd47fc00a2c39e90264f33305004495a9","hash":"f73aa996d3f806dfd9599d781f921be877efa23f"}
}
